0 info it worked if it ends with ok
1 verbose cli [ 'node', '/usr/local/bin/npm', 'install', '-g', 'mocha:app' ]
2 info using npm@1.1.69
3 info using node@v0.8.16
4 verbose read json /usr/local/lib/package.json
5 verbose read json /usr/local/lib/package.json
6 verbose cache add [ 'mocha:app', null ]
7 silly cache add name=undefined spec="mocha:app" args=["mocha:app",null]
8 verbose parsed url { protocol: 'mocha:',
8 verbose parsed url   host: 'app',
8 verbose parsed url   hostname: 'app',
8 verbose parsed url   href: 'mocha:app' }
9 silly lockFile c5c010e0-mocha-app mocha:app
10 verbose lock mocha:app /Users/pieer/.npm/c5c010e0-mocha-app.lock
11 silly lockFile c5c010e0-mocha-app mocha:app
12 verbose addNamed [ 'mocha:app', '' ]
13 verbose addNamed [ null, '' ]
14 silly lockFile 339904e0-mocha-app mocha:app@
15 verbose lock mocha:app@ /Users/pieer/.npm/339904e0-mocha-app.lock
16 silly addNameRange { name: 'mocha:app', range: '', hasData: false }
17 verbose url raw mocha:app
18 verbose url resolving [ 'https://registry.npmjs.org/', './mocha%3Aapp' ]
19 verbose url resolved https://registry.npmjs.org/mocha%3Aapp
20 info trying registry request attempt 1 at 09:33:54
21 http GET https://registry.npmjs.org/mocha%3Aapp
22 http 404 https://registry.npmjs.org/mocha%3Aapp
23 silly registry.get cb [ 404,
23 silly registry.get   { server: 'CouchDB/1.3.0 (Erlang OTP/R15B03)',
23 silly registry.get     date: 'Thu, 01 Aug 2013 23:33:56 GMT',
23 silly registry.get     'content-type': 'application/json',
23 silly registry.get     'content-length': '52',
23 silly registry.get     'cache-control': 'must-revalidate' } ]
24 silly lockFile 339904e0-mocha-app mocha:app@
25 error 404 'mocha%3Aapp' is not in the npm registry.
25 error 404 You should bug the author to publish it
25 error 404
25 error 404 Note that you can also install from a
25 error 404 tarball, folder, or http url, or git url.
26 error System Darwin 12.3.0
27 error command "node" "/usr/local/bin/npm" "install" "-g" "mocha:app"
28 error cwd /Users/pieer/Sites/supercv
29 error node -v v0.8.16
30 error npm -v 1.1.69
31 error code E404
32 verbose exit [ 1, true ]
